0 info it worked if it ends with ok
1 verbose cli [ '/usr/local/bin/node',
1 verbose cli   '/usr/local/bin/npm',
1 verbose cli   'run',
1 verbose cli   'build-dev' ]
2 info using npm@3.10.10
3 info using node@v6.9.4
4 verbose run-script [ 'prebuild-dev', 'build-dev', 'postbuild-dev' ]
5 info lifecycle react-build@1.0.0~prebuild-dev: react-build@1.0.0
6 silly lifecycle react-build@1.0.0~prebuild-dev: no script for prebuild-dev, continuing
7 info lifecycle react-build@1.0.0~build-dev: react-build@1.0.0
8 verbose lifecycle react-build@1.0.0~build-dev: unsafe-perm in lifecycle true
9 verbose lifecycle react-build@1.0.0~build-dev: PATH: /usr/local/lib/node_modules/npm/bin/node-gyp-bin:/Users/trof/learning/react-js/react-build/node_modules/.bin:/Library/Frameworks/Python.framework/Versions/3.6/bin:/usr/local/bin:/usr/bin:/bin:/usr/sbin:/sbin:/Applications/Postgres.app/Contents/Versions/latest/bin:/Library/Frameworks/Python.framework/Versions/3.6/bin
10 verbose lifecycle react-build@1.0.0~build-dev: CWD: /Users/trof/learning/react-js/react-build
11 silly lifecycle react-build@1.0.0~build-dev: Args: [ '-c', 'NODE_ENV=development && webpack --progress' ]
12 silly lifecycle react-build@1.0.0~build-dev: Returned: code: 1  signal: null
13 info lifecycle react-build@1.0.0~build-dev: Failed to exec build-dev script
14 verbose stack Error: react-build@1.0.0 build-dev: `NODE_ENV=development && webpack --progress`
14 verbose stack Exit status 1
14 verbose stack     at EventEmitter.<anonymous> (/usr/local/lib/node_modules/npm/lib/utils/lifecycle.js:255:16)
14 verbose stack     at emitTwo (events.js:106:13)
14 verbose stack     at EventEmitter.emit (events.js:191:7)
14 verbose stack     at ChildProcess.<anonymous> (/usr/local/lib/node_modules/npm/lib/utils/spawn.js:40:14)
14 verbose stack     at emitTwo (events.js:106:13)
14 verbose stack     at ChildProcess.emit (events.js:191:7)
14 verbose stack     at maybeClose (internal/child_process.js:877:16)
14 verbose stack     at Process.ChildProcess._handle.onexit (internal/child_process.js:226:5)
15 verbose pkgid react-build@1.0.0
16 verbose cwd /Users/trof/learning/react-js/react-build/conf
17 error Darwin 16.5.0
18 error argv "/usr/local/bin/node" "/usr/local/bin/npm" "run" "build-dev"
19 error node v6.9.4
20 error npm  v3.10.10
21 error code ELIFECYCLE
22 error react-build@1.0.0 build-dev: `NODE_ENV=development && webpack --progress`
22 error Exit status 1
23 error Failed at the react-build@1.0.0 build-dev script 'NODE_ENV=development && webpack --progress'.
23 error Make sure you have the latest version of node.js and npm installed.
23 error If you do, this is most likely a problem with the react-build package,
23 error not with npm itself.
23 error Tell the author that this fails on your system:
23 error     NODE_ENV=development && webpack --progress
23 error You can get information on how to open an issue for this project with:
23 error     npm bugs react-build
23 error Or if that isn't available, you can get their info via:
23 error     npm owner ls react-build
23 error There is likely additional logging output above.
24 verbose exit [ 1, true ]
